nohup: ignoring input
Use GPU: 1 for training
=> creating model 'mobilenet_v2'
Use GPU: 0 for training
=> creating model 'mobilenet_v2'
Epoch: [0][    0/10010]	Time 10.319 (10.319)	Data  9.413 ( 9.413)	Loss 6.9430e+00 (6.9430e+00)	Acc@1   0.00 (  0.00)	Acc@5   0.00 (  0.00)
Epoch: [0][   10/10010]	Time  0.153 ( 1.072)	Data  0.000 ( 0.856)	Loss 7.0666e+00 (6.9834e+00)	Acc@1   0.00 (  0.14)	Acc@5   0.00 (  0.28)
Epoch: [0][   20/10010]	Time  0.153 ( 0.635)	Data  0.000 ( 0.452)	Loss 7.1848e+00 (7.0748e+00)	Acc@1   0.00 (  0.07)	Acc@5   0.00 (  0.37)
Epoch: [0][   30/10010]	Time  0.156 ( 0.480)	Data  0.000 ( 0.308)	Loss 7.2816e+00 (7.1273e+00)	Acc@1   0.00 (  0.05)	Acc@5   1.56 (  0.45)
Epoch: [0][   40/10010]	Time  0.154 ( 0.400)	Data  0.000 ( 0.235)	Loss 7.0750e+00 (7.1582e+00)	Acc@1   0.00 (  0.11)	Acc@5   0.00 (  0.53)
Epoch: [0][   50/10010]	Time  0.161 ( 0.352)	Data  0.000 ( 0.190)	Loss 7.1219e+00 (7.1494e+00)	Acc@1   0.00 (  0.12)	Acc@5   0.00 (  0.64)
Epoch: [0][   60/10010]	Time  0.154 ( 0.320)	Data  0.000 ( 0.160)	Loss 7.0640e+00 (7.1416e+00)	Acc@1   0.00 (  0.15)	Acc@5   1.56 (  0.69)
Epoch: [0][   70/10010]	Time  0.154 ( 0.296)	Data  0.000 ( 0.138)	Loss 6.8786e+00 (7.1346e+00)	Acc@1   0.00 (  0.18)	Acc@5   0.00 (  0.68)
Epoch: [0][   80/10010]	Time  0.153 ( 0.279)	Data  0.000 ( 0.122)	Loss 6.8738e+00 (7.1145e+00)	Acc@1   1.56 (  0.17)	Acc@5   3.12 (  0.66)
Epoch: [0][   90/10010]	Time  0.155 ( 0.265)	Data  0.000 ( 0.110)	Loss 6.9422e+00 (7.0959e+00)	Acc@1   0.00 (  0.15)	Acc@5   0.00 (  0.70)
Epoch: [0][  100/10010]	Time  0.158 ( 0.254)	Data  0.000 ( 0.099)	Loss 6.8103e+00 (7.0759e+00)	Acc@1   0.00 (  0.14)	Acc@5   0.00 (  0.76)
Epoch: [0][  110/10010]	Time  0.156 ( 0.245)	Data  0.000 ( 0.091)	Loss 6.8218e+00 (7.0591e+00)	Acc@1   1.56 (  0.15)	Acc@5   3.12 (  0.83)
Epoch: [0][  120/10010]	Time  0.157 ( 0.238)	Data  0.000 ( 0.084)	Loss 6.8610e+00 (7.0392e+00)	Acc@1   0.00 (  0.18)	Acc@5   3.12 (  0.90)
Epoch: [0][  130/10010]	Time  0.154 ( 0.232)	Data  0.000 ( 0.078)	Loss 6.7785e+00 (7.0253e+00)	Acc@1   1.56 (  0.19)	Acc@5   3.12 (  0.92)
Epoch: [0][  140/10010]	Time  0.160 ( 0.227)	Data  0.000 ( 0.073)	Loss 6.9475e+00 (7.0094e+00)	Acc@1   0.00 (  0.23)	Acc@5   0.00 (  1.04)
Epoch: [0][  150/10010]	Time  0.158 ( 0.222)	Data  0.000 ( 0.069)	Loss 6.7234e+00 (6.9925e+00)	Acc@1   0.00 (  0.27)	Acc@5   4.69 (  1.11)
Epoch: [0][  160/10010]	Time  0.156 ( 0.218)	Data  0.000 ( 0.065)	Loss 6.7790e+00 (6.9809e+00)	Acc@1   0.00 (  0.25)	Acc@5   4.69 (  1.13)
Epoch: [0][  170/10010]	Time  0.161 ( 0.215)	Data  0.000 ( 0.062)	Loss 6.7835e+00 (6.9689e+00)	Acc@1   1.56 (  0.26)	Acc@5   1.56 (  1.18)
Epoch: [0][  180/10010]	Time  0.159 ( 0.212)	Data  0.000 ( 0.059)	Loss 6.6236e+00 (6.9552e+00)	Acc@1   0.00 (  0.26)	Acc@5   1.56 (  1.18)
Epoch: [0][  190/10010]	Time  0.162 ( 0.209)	Data  0.000 ( 0.056)	Loss 6.7160e+00 (6.9446e+00)	Acc@1   0.00 (  0.28)	Acc@5   6.25 (  1.24)
Epoch: [0][  200/10010]	Time  0.160 ( 0.207)	Data  0.000 ( 0.054)	Loss 6.6268e+00 (6.9327e+00)	Acc@1   1.56 (  0.29)	Acc@5   3.12 (  1.27)
Epoch: [0][  210/10010]	Time  0.160 ( 0.204)	Data  0.000 ( 0.051)	Loss 6.5624e+00 (6.9209e+00)	Acc@1   3.12 (  0.31)	Acc@5   4.69 (  1.32)
Epoch: [0][  220/10010]	Time  0.160 ( 0.202)	Data  0.000 ( 0.049)	Loss 6.6903e+00 (6.9094e+00)	Acc@1   0.00 (  0.32)	Acc@5   3.12 (  1.38)
Epoch: [0][  230/10010]	Time  0.160 ( 0.201)	Data  0.000 ( 0.048)	Loss 6.7249e+00 (6.9002e+00)	Acc@1   0.00 (  0.35)	Acc@5   3.12 (  1.45)
Epoch: [0][  240/10010]	Time  0.160 ( 0.199)	Data  0.000 ( 0.046)	Loss 6.7132e+00 (6.8903e+00)	Acc@1   1.56 (  0.38)	Acc@5   3.12 (  1.52)
Epoch: [0][  250/10010]	Time  0.165 ( 0.197)	Data  0.000 ( 0.044)	Loss 6.5838e+00 (6.8796e+00)	Acc@1   0.00 (  0.39)	Acc@5   1.56 (  1.56)
Epoch: [0][  260/10010]	Time  0.160 ( 0.196)	Data  0.000 ( 0.043)	Loss 6.6599e+00 (6.8707e+00)	Acc@1   0.00 (  0.42)	Acc@5   1.56 (  1.63)
Epoch: [0][  270/10010]	Time  0.160 ( 0.195)	Data  0.000 ( 0.042)	Loss 6.6163e+00 (6.8586e+00)	Acc@1   0.00 (  0.44)	Acc@5   0.00 (  1.67)
Epoch: [0][  280/10010]	Time  0.161 ( 0.193)	Data  0.000 ( 0.041)	Loss 6.7783e+00 (6.8490e+00)	Acc@1   1.56 (  0.47)	Acc@5   1.56 (  1.70)
Epoch: [0][  290/10010]	Time  0.159 ( 0.192)	Data  0.000 ( 0.039)	Loss 6.5896e+00 (6.8382e+00)	Acc@1   0.00 (  0.46)	Acc@5   4.69 (  1.73)
Epoch: [0][  300/10010]	Time  0.156 ( 0.191)	Data  0.000 ( 0.038)	Loss 6.6382e+00 (6.8302e+00)	Acc@1   0.00 (  0.46)	Acc@5   3.12 (  1.78)
Epoch: [0][  310/10010]	Time  0.160 ( 0.190)	Data  0.000 ( 0.037)	Loss 6.7615e+00 (6.8221e+00)	Acc@1   0.00 (  0.47)	Acc@5   0.00 (  1.82)
Epoch: [0][  320/10010]	Time  0.160 ( 0.189)	Data  0.000 ( 0.036)	Loss 6.5523e+00 (6.8159e+00)	Acc@1   1.56 (  0.47)	Acc@5   3.12 (  1.83)
Epoch: [0][  330/10010]	Time  0.160 ( 0.188)	Data  0.000 ( 0.036)	Loss 6.5974e+00 (6.8086e+00)	Acc@1   0.00 (  0.49)	Acc@5   3.12 (  1.86)
Epoch: [0][  340/10010]	Time  0.161 ( 0.188)	Data  0.000 ( 0.035)	Loss 6.5236e+00 (6.8007e+00)	Acc@1   1.56 (  0.49)	Acc@5   4.69 (  1.89)
Epoch: [0][  350/10010]	Time  0.156 ( 0.187)	Data  0.000 ( 0.034)	Loss 6.5817e+00 (6.7925e+00)	Acc@1   0.00 (  0.50)	Acc@5   0.00 (  1.92)
Epoch: [0][  360/10010]	Time  0.161 ( 0.186)	Data  0.000 ( 0.033)	Loss 6.2366e+00 (6.7835e+00)	Acc@1   1.56 (  0.51)	Acc@5   7.81 (  1.95)
Epoch: [0][  370/10010]	Time  0.160 ( 0.185)	Data  0.000 ( 0.033)	Loss 6.6809e+00 (6.7769e+00)	Acc@1   0.00 (  0.51)	Acc@5   1.56 (  1.98)
Epoch: [0][  380/10010]	Time  0.160 ( 0.185)	Data  0.000 ( 0.032)	Loss 6.4263e+00 (6.7689e+00)	Acc@1   1.56 (  0.51)	Acc@5   3.12 (  1.99)
Epoch: [0][  390/10010]	Time  0.160 ( 0.184)	Data  0.000 ( 0.031)	Loss 6.5005e+00 (6.7615e+00)	Acc@1   0.00 (  0.51)	Acc@5   3.12 (  2.02)
Epoch: [0][  400/10010]	Time  0.160 ( 0.184)	Data  0.000 ( 0.031)	Loss 6.5129e+00 (6.7554e+00)	Acc@1   1.56 (  0.52)	Acc@5   3.12 (  2.03)
Epoch: [0][  410/10010]	Time  0.160 ( 0.183)	Data  0.000 ( 0.030)	Loss 6.6639e+00 (6.7485e+00)	Acc@1   0.00 (  0.52)	Acc@5   1.56 (  2.05)
Epoch: [0][  420/10010]	Time  0.160 ( 0.183)	Data  0.000 ( 0.030)	Loss 6.5181e+00 (6.7414e+00)	Acc@1   1.56 (  0.53)	Acc@5   1.56 (  2.09)
Epoch: [0][  430/10010]	Time  0.160 ( 0.182)	Data  0.000 ( 0.029)	Loss 6.5365e+00 (6.7335e+00)	Acc@1   0.00 (  0.54)	Acc@5   3.12 (  2.13)
Epoch: [0][  440/10010]	Time  0.160 ( 0.182)	Data  0.000 ( 0.029)	Loss 6.3857e+00 (6.7256e+00)	Acc@1   0.00 (  0.54)	Acc@5   3.12 (  2.18)
Epoch: [0][  450/10010]	Time  0.159 ( 0.181)	Data  0.000 ( 0.028)	Loss 6.5135e+00 (6.7184e+00)	Acc@1   0.00 (  0.56)	Acc@5   1.56 (  2.20)
Epoch: [0][  460/10010]	Time  0.160 ( 0.181)	Data  0.000 ( 0.028)	Loss 6.3969e+00 (6.7109e+00)	Acc@1   1.56 (  0.56)	Acc@5   3.12 (  2.24)
Epoch: [0][  470/10010]	Time  0.161 ( 0.180)	Data  0.000 ( 0.027)	Loss 6.1927e+00 (6.7036e+00)	Acc@1   0.00 (  0.57)	Acc@5   1.56 (  2.27)
Epoch: [0][  480/10010]	Time  0.166 ( 0.180)	Data  0.000 ( 0.027)	Loss 6.3697e+00 (6.6975e+00)	Acc@1   1.56 (  0.57)	Acc@5   4.69 (  2.31)
Epoch: [0][  490/10010]	Time  0.159 ( 0.179)	Data  0.000 ( 0.026)	Loss 6.3650e+00 (6.6904e+00)	Acc@1   0.00 (  0.58)	Acc@5   3.12 (  2.35)
Epoch: [0][  500/10010]	Time  0.161 ( 0.179)	Data  0.000 ( 0.026)	Loss 6.4744e+00 (6.6854e+00)	Acc@1   1.56 (  0.61)	Acc@5   3.12 (  2.41)
Epoch: [0][  510/10010]	Time  0.161 ( 0.179)	Data  0.000 ( 0.026)	Loss 6.3312e+00 (6.6792e+00)	Acc@1   0.00 (  0.62)	Acc@5   7.81 (  2.46)
Epoch: [0][  520/10010]	Time  0.160 ( 0.178)	Data  0.000 ( 0.025)	Loss 6.3937e+00 (6.6726e+00)	Acc@1   3.12 (  0.64)	Acc@5   4.69 (  2.49)
Epoch: [0][  530/10010]	Time  0.158 ( 0.178)	Data  0.000 ( 0.025)	Loss 6.5729e+00 (6.6666e+00)	Acc@1   0.00 (  0.65)	Acc@5   6.25 (  2.56)
Epoch: [0][  540/10010]	Time  0.160 ( 0.178)	Data  0.000 ( 0.025)	Loss 6.5901e+00 (6.6614e+00)	Acc@1   0.00 (  0.66)	Acc@5   1.56 (  2.60)
Epoch: [0][  550/10010]	Time  0.161 ( 0.177)	Data  0.000 ( 0.024)	Loss 6.2686e+00 (6.6564e+00)	Acc@1   1.56 (  0.68)	Acc@5   3.12 (  2.63)
Epoch: [0][  560/10010]	Time  0.160 ( 0.177)	Data  0.000 ( 0.024)	Loss 6.1768e+00 (6.6513e+00)	Acc@1   1.56 (  0.68)	Acc@5  10.94 (  2.66)
Epoch: [0][  570/10010]	Time  0.157 ( 0.177)	Data  0.000 ( 0.024)	Loss 6.2697e+00 (6.6453e+00)	Acc@1   3.12 (  0.68)	Acc@5   7.81 (  2.68)
Epoch: [0][  580/10010]	Time  0.164 ( 0.176)	Data  0.000 ( 0.023)	Loss 6.3053e+00 (6.6396e+00)	Acc@1   0.00 (  0.69)	Acc@5   4.69 (  2.71)Epoch: [0][    0/10010]	Time 10.324 (10.324)	Data  9.391 ( 9.391)	Loss 6.9408e+00 (6.9408e+00)	Acc@1   0.00 (  0.00)	Acc@5   1.56 (  1.56)
Epoch: [0][   10/10010]	Time  0.154 ( 1.072)	Data  0.000 ( 0.854)	Loss 7.1760e+00 (7.0195e+00)	Acc@1   0.00 (  0.28)	Acc@5   0.00 (  0.85)
Epoch: [0][   20/10010]	Time  0.153 ( 0.635)	Data  0.000 ( 0.451)	Loss 7.2556e+00 (7.0990e+00)	Acc@1   0.00 (  0.45)	Acc@5   0.00 (  0.97)
Epoch: [0][   30/10010]	Time  0.154 ( 0.480)	Data  0.000 ( 0.307)	Loss 7.0800e+00 (7.1501e+00)	Acc@1   0.00 (  0.30)	Acc@5   0.00 (  0.71)
Epoch: [0][   40/10010]	Time  0.154 ( 0.400)	Data  0.000 ( 0.234)	Loss 7.2476e+00 (7.1635e+00)	Acc@1   0.00 (  0.27)	Acc@5   0.00 (  0.72)
Epoch: [0][   50/10010]	Time  0.155 ( 0.352)	Data  0.000 ( 0.190)	Loss 7.0081e+00 (7.1498e+00)	Acc@1   1.56 (  0.34)	Acc@5   3.12 (  0.83)
Epoch: [0][   60/10010]	Time  0.154 ( 0.320)	Data  0.000 ( 0.160)	Loss 6.8677e+00 (7.1307e+00)	Acc@1   0.00 (  0.31)	Acc@5   0.00 (  0.85)
Epoch: [0][   70/10010]	Time  0.154 ( 0.296)	Data  0.000 ( 0.138)	Loss 6.9592e+00 (7.1162e+00)	Acc@1   0.00 (  0.29)	Acc@5   1.56 (  0.81)
Epoch: [0][   80/10010]	Time  0.154 ( 0.279)	Data  0.000 ( 0.122)	Loss 6.9010e+00 (7.0948e+00)	Acc@1   3.12 (  0.31)	Acc@5   3.12 (  0.91)
Epoch: [0][   90/10010]	Time  0.156 ( 0.265)	Data  0.000 ( 0.109)	Loss 6.8388e+00 (7.0746e+00)	Acc@1   1.56 (  0.34)	Acc@5   1.56 (  0.93)
Epoch: [0][  100/10010]	Time  0.154 ( 0.254)	Data  0.000 ( 0.099)	Loss 6.8995e+00 (7.0604e+00)	Acc@1   0.00 (  0.32)	Acc@5   3.12 (  0.96)
Epoch: [0][  110/10010]	Time  0.158 ( 0.245)	Data  0.000 ( 0.091)	Loss 6.8194e+00 (7.0449e+00)	Acc@1   1.56 (  0.35)	Acc@5   4.69 (  1.01)
Epoch: [0][  120/10010]	Time  0.158 ( 0.238)	Data  0.000 ( 0.084)	Loss 6.7364e+00 (7.0313e+00)	Acc@1   1.56 (  0.36)	Acc@5   3.12 (  1.02)
Epoch: [0][  130/10010]	Time  0.155 ( 0.232)	Data  0.000 ( 0.078)	Loss 6.7657e+00 (7.0158e+00)	Acc@1   0.00 (  0.36)	Acc@5   0.00 (  1.06)
Epoch: [0][  140/10010]	Time  0.160 ( 0.227)	Data  0.000 ( 0.073)	Loss 6.9023e+00 (7.0022e+00)	Acc@1   0.00 (  0.37)	Acc@5   1.56 (  1.09)
Epoch: [0][  150/10010]	Time  0.158 ( 0.222)	Data  0.000 ( 0.069)	Loss 6.6357e+00 (6.9875e+00)	Acc@1   0.00 (  0.38)	Acc@5   3.12 (  1.18)
Epoch: [0][  160/10010]	Time  0.155 ( 0.218)	Data  0.000 ( 0.065)	Loss 6.8651e+00 (6.9753e+00)	Acc@1   0.00 (  0.37)	Acc@5   0.00 (  1.16)
Epoch: [0][  170/10010]	Time  0.159 ( 0.215)	Data  0.000 ( 0.062)	Loss 6.7648e+00 (6.9607e+00)	Acc@1   0.00 (  0.36)	Acc@5   1.56 (  1.21)
Epoch: [0][  180/10010]	Time  0.161 ( 0.212)	Data  0.000 ( 0.059)	Loss 6.6763e+00 (6.9489e+00)	Acc@1   1.56 (  0.36)	Acc@5   3.12 (  1.26)
Epoch: [0][  190/10010]	Time  0.160 ( 0.209)	Data  0.000 ( 0.056)	Loss 6.6488e+00 (6.9366e+00)	Acc@1   0.00 (  0.35)	Acc@5   3.12 (  1.30)
Epoch: [0][  200/10010]	Time  0.160 ( 0.207)	Data  0.000 ( 0.053)	Loss 6.7856e+00 (6.9259e+00)	Acc@1   0.00 (  0.35)	Acc@5   0.00 (  1.32)
Epoch: [0][  210/10010]	Time  0.160 ( 0.204)	Data  0.000 ( 0.051)	Loss 6.7182e+00 (6.9163e+00)	Acc@1   0.00 (  0.36)	Acc@5   1.56 (  1.33)
Epoch: [0][  220/10010]	Time  0.160 ( 0.202)	Data  0.000 ( 0.049)	Loss 6.6783e+00 (6.9046e+00)	Acc@1   1.56 (  0.37)	Acc@5   3.12 (  1.41)
Epoch: [0][  230/10010]	Time  0.164 ( 0.201)	Data  0.000 ( 0.047)	Loss 6.4826e+00 (6.8914e+00)	Acc@1   1.56 (  0.40)	Acc@5   4.69 (  1.47)
Epoch: [0][  240/10010]	Time  0.160 ( 0.199)	Data  0.000 ( 0.046)	Loss 6.6127e+00 (6.8815e+00)	Acc@1   3.12 (  0.41)	Acc@5   4.69 (  1.50)
Epoch: [0][  250/10010]	Time  0.160 ( 0.197)	Data  0.000 ( 0.044)	Loss 6.6809e+00 (6.8705e+00)	Acc@1   0.00 (  0.40)	Acc@5   4.69 (  1.56)
Epoch: [0][  260/10010]	Time  0.160 ( 0.196)	Data  0.000 ( 0.043)	Loss 6.7555e+00 (6.8643e+00)	Acc@1   1.56 (  0.40)	Acc@5   3.12 (  1.57)
Epoch: [0][  270/10010]	Time  0.160 ( 0.195)	Data  0.000 ( 0.041)	Loss 6.4918e+00 (6.8553e+00)	Acc@1   1.56 (  0.43)	Acc@5   1.56 (  1.61)
Epoch: [0][  280/10010]	Time  0.162 ( 0.193)	Data  0.000 ( 0.040)	Loss 6.4954e+00 (6.8465e+00)	Acc@1   0.00 (  0.42)	Acc@5   6.25 (  1.62)
Epoch: [0][  290/10010]	Time  0.159 ( 0.192)	Data  0.000 ( 0.039)	Loss 6.6056e+00 (6.8376e+00)	Acc@1   0.00 (  0.43)	Acc@5   3.12 (  1.68)
Epoch: [0][  300/10010]	Time  0.160 ( 0.191)	Data  0.000 ( 0.038)	Loss 6.7307e+00 (6.8311e+00)	Acc@1   0.00 (  0.44)	Acc@5   1.56 (  1.70)
Epoch: [0][  310/10010]	Time  0.160 ( 0.190)	Data  0.000 ( 0.037)	Loss 6.7527e+00 (6.8247e+00)	Acc@1   0.00 (  0.43)	Acc@5   1.56 (  1.71)
Epoch: [0][  320/10010]	Time  0.160 ( 0.189)	Data  0.000 ( 0.036)	Loss 6.4334e+00 (6.8167e+00)	Acc@1   0.00 (  0.44)	Acc@5   0.00 (  1.74)
Epoch: [0][  330/10010]	Time  0.160 ( 0.188)	Data  0.000 ( 0.035)	Loss 6.5961e+00 (6.8077e+00)	Acc@1   0.00 (  0.44)	Acc@5   1.56 (  1.78)
Epoch: [0][  340/10010]	Time  0.161 ( 0.188)	Data  0.000 ( 0.034)	Loss 6.4938e+00 (6.7997e+00)	Acc@1   1.56 (  0.45)	Acc@5   3.12 (  1.78)
Epoch: [0][  350/10010]	Time  0.160 ( 0.187)	Data  0.000 ( 0.034)	Loss 6.4888e+00 (6.7923e+00)	Acc@1   1.56 (  0.45)	Acc@5   4.69 (  1.82)
Epoch: [0][  360/10010]	Time  0.161 ( 0.186)	Data  0.000 ( 0.033)	Loss 6.6805e+00 (6.7864e+00)	Acc@1   0.00 (  0.45)	Acc@5   0.00 (  1.83)
Epoch: [0][  370/10010]	Time  0.160 ( 0.185)	Data  0.000 ( 0.032)	Loss 6.5564e+00 (6.7792e+00)	Acc@1   3.12 (  0.47)	Acc@5   3.12 (  1.83)
Epoch: [0][  380/10010]	Time  0.160 ( 0.185)	Data  0.000 ( 0.032)	Loss 6.6117e+00 (6.7726e+00)	Acc@1   0.00 (  0.47)	Acc@5   3.12 (  1.85)
Epoch: [0][  390/10010]	Time  0.160 ( 0.184)	Data  0.000 ( 0.031)	Loss 6.5894e+00 (6.7654e+00)	Acc@1   0.00 (  0.46)	Acc@5   0.00 (  1.86)
Epoch: [0][  400/10010]	Time  0.160 ( 0.184)	Data  0.000 ( 0.030)	Loss 6.2876e+00 (6.7603e+00)	Acc@1   0.00 (  0.46)	Acc@5   6.25 (  1.87)
Epoch: [0][  410/10010]	Time  0.160 ( 0.183)	Data  0.000 ( 0.030)	Loss 6.3608e+00 (6.7544e+00)	Acc@1   1.56 (  0.48)	Acc@5   4.69 (  1.92)
Epoch: [0][  420/10010]	Time  0.160 ( 0.183)	Data  0.000 ( 0.029)	Loss 6.5366e+00 (6.7476e+00)	Acc@1   0.00 (  0.49)	Acc@5   4.69 (  1.98)
Epoch: [0][  430/10010]	Time  0.160 ( 0.182)	Data  0.000 ( 0.029)	Loss 6.7752e+00 (6.7439e+00)	Acc@1   0.00 (  0.49)	Acc@5   1.56 (  2.00)
Epoch: [0][  440/10010]	Time  0.160 ( 0.182)	Data  0.000 ( 0.028)	Loss 6.3534e+00 (6.7374e+00)	Acc@1   0.00 (  0.49)	Acc@5   6.25 (  2.02)
Epoch: [0][  450/10010]	Time  0.157 ( 0.181)	Data  0.000 ( 0.028)	Loss 6.2734e+00 (6.7308e+00)	Acc@1   0.00 (  0.51)	Acc@5   0.00 (  2.06)
Epoch: [0][  460/10010]	Time  0.160 ( 0.181)	Data  0.000 ( 0.027)	Loss 6.4729e+00 (6.7246e+00)	Acc@1   0.00 (  0.51)	Acc@5   0.00 (  2.11)
Epoch: [0][  470/10010]	Time  0.161 ( 0.180)	Data  0.000 ( 0.027)	Loss 6.4441e+00 (6.7173e+00)	Acc@1   0.00 (  0.51)	Acc@5   1.56 (  2.14)
Epoch: [0][  480/10010]	Time  0.160 ( 0.180)	Data  0.000 ( 0.027)	Loss 6.4008e+00 (6.7111e+00)	Acc@1   4.69 (  0.53)	Acc@5   7.81 (  2.19)
Epoch: [0][  490/10010]	Time  0.160 ( 0.179)	Data  0.000 ( 0.026)	Loss 6.4155e+00 (6.7049e+00)	Acc@1   1.56 (  0.53)	Acc@5   3.12 (  2.21)
Epoch: [0][  500/10010]	Time  0.160 ( 0.179)	Data  0.000 ( 0.026)	Loss 6.3357e+00 (6.6987e+00)	Acc@1   3.12 (  0.54)	Acc@5   9.38 (  2.25)
Epoch: [0][  510/10010]	Time  0.160 ( 0.179)	Data  0.000 ( 0.025)	Loss 6.3844e+00 (6.6926e+00)	Acc@1   0.00 (  0.54)	Acc@5   4.69 (  2.27)
Epoch: [0][  520/10010]	Time  0.160 ( 0.178)	Data  0.000 ( 0.025)	Loss 6.3142e+00 (6.6858e+00)	Acc@1   1.56 (  0.55)	Acc@5   7.81 (  2.32)
Epoch: [0][  530/10010]	Time  0.160 ( 0.178)	Data  0.000 ( 0.025)	Loss 6.3127e+00 (6.6792e+00)	Acc@1   1.56 (  0.57)	Acc@5   4.69 (  2.36)
Epoch: [0][  540/10010]	Time  0.161 ( 0.178)	Data  0.000 ( 0.024)	Loss 6.2017e+00 (6.6726e+00)	Acc@1   3.12 (  0.58)	Acc@5   6.25 (  2.41)
Epoch: [0][  550/10010]	Time  0.161 ( 0.177)	Data  0.000 ( 0.024)	Loss 6.2518e+00 (6.6671e+00)	Acc@1   1.56 (  0.60)	Acc@5   4.69 (  2.45)
Epoch: [0][  560/10010]	Time  0.161 ( 0.177)	Data  0.000 ( 0.024)	Loss 6.1488e+00 (6.6624e+00)	Acc@1   4.69 (  0.60)	Acc@5   9.38 (  2.46)
Epoch: [0][  570/10010]	Time  0.159 ( 0.177)	Data  0.000 ( 0.024)	Loss 6.4546e+00 (6.6569e+00)	Acc@1   1.56 (  0.61)	Acc@5   1.56 (  2.47)
Epoch: [0][  580/10010]	Time  0.162 ( 0.176)	Data  0.000 ( 0.023)	Loss 6.3761e+00 (6.6519e+00)	Acc@1   0.00 (  0.61)	Acc@5   3.12 (  2.50)
Epoch: [0][  590/10010]	Time  0.161 ( 0.176)	Data  0.000 ( 0.023)	Loss 6.2539e+00 (6.6350e+00)	Acc@1   0.00 (  0.70)	Acc@5   6.25 (  2.75)
Epoch: [0][  600/10010]	Time  0.158 ( 0.176)	Data  0.000 ( 0.023)	Loss 6.5492e+00 (6.6295e+00)	Acc@1   0.00 (  0.70)	Acc@5   1.56 (  2.77)
Epoch: [0][  610/10010]	Time  0.159 ( 0.176)	Data  0.000 ( 0.023)	Loss 6.3449e+00 (6.6240e+00)	Acc@1   0.00 (  0.70)	Acc@5   4.69 (  2.80)
Epoch: [0][  620/10010]	Time  0.163 ( 0.176)	Data  0.000 ( 0.022)	Loss 6.4323e+00 (6.6194e+00)	Acc@1   0.00 (  0.71)	Acc@5   3.12 (  2.83)
Epoch: [0][  630/10010]	Time  0.162 ( 0.175)	Data  0.000 ( 0.022)	Loss 6.2558e+00 (6.6149e+00)	Acc@1   1.56 (  0.72)	Acc@5   7.81 (  2.86)
Epoch: [0][  640/10010]	Time  0.161 ( 0.175)	Data  0.000 ( 0.022)	Loss 6.2327e+00 (6.6094e+00)	Acc@1   0.00 (  0.72)	Acc@5   3.12 (  2.88)
Epoch: [0][  650/10010]	Time  0.162 ( 0.175)	Data  0.000 ( 0.022)	Loss 6.3138e+00 (6.6039e+00)	Acc@1   1.56 (  0.73)	Acc@5   1.56 (  2.89)
Epoch: [0][  660/10010]	Time  0.160 ( 0.175)	Data  0.000 ( 0.022)	Loss 6.3254e+00 (6.5983e+00)	Acc@1   1.56 (  0.75)	Acc@5   6.25 (  2.93)
Epoch: [0][  670/10010]	Time  0.163 ( 0.175)	Data  0.000 ( 0.021)	Loss 6.1388e+00 (6.5932e+00)	Acc@1   3.12 (  0.76)	Acc@5   6.25 (  2.95)
Epoch: [0][  680/10010]	Time  0.167 ( 0.174)	Data  0.000 ( 0.021)	Loss 6.4161e+00 (6.5894e+00)	Acc@1   1.56 (  0.77)	Acc@5   3.12 (  2.97)
Epoch: [0][  690/10010]	Time  0.166 ( 0.174)	Data  0.000 ( 0.021)	Loss 6.2831e+00 (6.5839e+00)	Acc@1   0.00 (  0.77)	Acc@5   3.12 (  3.01)
Epoch: [0][  700/10010]	Time  0.163 ( 0.174)	Data  0.000 ( 0.021)	Loss 6.1968e+00 (6.5796e+00)	Acc@1   3.12 (  0.79)	Acc@5   7.81 (  3.03)
Epoch: [0][  710/10010]	Time  0.165 ( 0.174)	Data  0.000 ( 0.021)	Loss 6.3238e+00 (6.5746e+00)	Acc@1   0.00 (  0.80)	Acc@5   3.12 (  3.07)
Epoch: [0][  720/10010]	Time  0.164 ( 0.174)	Data  0.000 ( 0.020)	Loss 6.2361e+00 (6.5696e+00)	Acc@1   0.00 (  0.80)	Acc@5   1.56 (  3.07)
Epoch: [0][  730/10010]	Time  0.164 ( 0.174)	Data  0.000 ( 0.020)	Loss 6.0685e+00 (6.5644e+00)	Acc@1   0.00 (  0.80)	Acc@5   4.69 (  3.11)
Epoch: [0][  740/10010]	Time  0.162 ( 0.173)	Data  0.000 ( 0.020)	Loss 6.3085e+00 (6.5598e+00)	Acc@1   0.00 (  0.82)	Acc@5   1.56 (  3.15)
Epoch: [0][  750/10010]	Time  0.163 ( 0.173)	Data  0.000 ( 0.020)	Loss 6.0403e+00 (6.5546e+00)	Acc@1   1.56 (  0.83)	Acc@5   9.38 (  3.17)
Epoch: [0][  760/10010]	Time  0.161 ( 0.173)	Data  0.000 ( 0.020)	Loss 6.0672e+00 (6.5506e+00)	Acc@1   0.00 (  0.83)	Acc@5   4.69 (  3.19)
Epoch: [0][  770/10010]	Time  0.158 ( 0.173)	Data  0.000 ( 0.020)	Loss 6.1134e+00 (6.5448e+00)	Acc@1   3.12 (  0.86)	Acc@5   9.38 (  3.25)
Epoch: [0][  780/10010]	Time  0.160 ( 0.173)	Data  0.000 ( 0.019)	Loss 6.1677e+00 (6.5399e+00)	Acc@1   1.56 (  0.86)	Acc@5   7.81 (  3.28)
Epoch: [0][  790/10010]	Time  0.160 ( 0.173)	Data  0.000 ( 0.019)	Loss 6.1534e+00 (6.5346e+00)	Acc@1   3.12 (  0.87)	Acc@5   4.69 (  3.33)
Epoch: [0][  800/10010]	Time  0.161 ( 0.173)	Data  0.000 ( 0.019)	Loss 5.9417e+00 (6.5307e+00)	Acc@1   0.00 (  0.87)	Acc@5  10.94 (  3.33)
Epoch: [0][  810/10010]	Time  0.160 ( 0.173)	Data  0.000 ( 0.019)	Loss 6.0399e+00 (6.5269e+00)	Acc@1   3.12 (  0.88)	Acc@5   7.81 (  3.36)
Epoch: [0][  820/10010]	Time  0.162 ( 0.172)	Data  0.000 ( 0.019)	Loss 6.1370e+00 (6.5211e+00)	Acc@1   1.56 (  0.89)	Acc@5   9.38 (  3.40)
Epoch: [0][  830/10010]	Time  0.161 ( 0.172)	Data  0.000 ( 0.019)	Loss 6.1353e+00 (6.5150e+00)	Acc@1   1.56 (  0.90)	Acc@5  10.94 (  3.47)
Epoch: [0][  840/10010]	Time  0.162 ( 0.172)	Data  0.000 ( 0.019)	Loss 6.1377e+00 (6.5096e+00)	Acc@1   1.56 (  0.91)	Acc@5   4.69 (  3.50)
Epoch: [0][  850/10010]	Time  0.162 ( 0.172)	Data  0.000 ( 0.018)	Loss 6.2558e+00 (6.5057e+00)	Acc@1   0.00 (  0.92)	Acc@5   4.69 (  3.52)
Epoch: [0][  860/10010]	Time  0.165 ( 0.172)	Data  0.000 ( 0.018)	Loss 6.1766e+00 (6.5019e+00)	Acc@1   3.12 (  0.93)	Acc@5   7.81 (  3.56)
Epoch: [0][  870/10010]	Time  0.163 ( 0.172)	Data  0.000 ( 0.018)	Loss 6.2637e+00 (6.4982e+00)	Acc@1   0.00 (  0.94)	Acc@5   1.56 (  3.58)
Epoch: [0][  880/10010]	Time  0.163 ( 0.172)	Data  0.000 ( 0.018)	Loss 6.2452e+00 (6.4937e+00)	Acc@1   0.00 (  0.94)	Acc@5   4.69 (  3.63)
Epoch: [0][  890/10010]	Time  0.163 ( 0.172)	Data  0.000 ( 0.018)	Loss 6.3587e+00 (6.4900e+00)	Acc@1   0.00 (  0.94)	Acc@5   3.12 (  3.64)
Epoch: [0][  900/10010]	Time  0.163 ( 0.172)	Data  0.000 ( 0.018)	Loss 5.9653e+00 (6.4856e+00)	Acc@1   1.56 (  0.95)	Acc@5   1.56 (  3.66)
Epoch: [0][  910/10010]	Time  0.163 ( 0.172)	Data  0.000 ( 0.018)	Loss 6.2792e+00 (6.4823e+00)	Acc@1   4.69 (  0.96)	Acc@5   7.81 (  3.68)
Epoch: [0][  920/10010]	Time  0.164 ( 0.171)	Data  0.000 ( 0.018)	Loss 6.0270e+00 (6.4774e+00)	Acc@1   0.00 (  0.97)	Acc@5   4.69 (  3.71)
Epoch: [0][  930/10010]	Time  0.166 ( 0.171)	Data  0.000 ( 0.018)	Loss 6.2548e+00 (6.4733e+00)	Acc@1   1.56 (  0.97)	Acc@5   3.12 (  3.74)
Epoch: [0][  940/10010]	Time  0.163 ( 0.171)	Data  0.000 ( 0.017)	Loss 5.9849e+00 (6.4677e+00)	Acc@1   0.00 (  0.99)	Acc@5   7.81 (  3.81)
Epoch: [0][  950/10010]	Time  0.164 ( 0.171)	Data  0.000 ( 0.017)	Loss 6.1443e+00 (6.4634e+00)	Acc@1   0.00 (  0.99)	Acc@5   4.69 (  3.82)
Epoch: [0][  960/10010]	Time  0.164 ( 0.171)	Data  0.000 ( 0.017)	Loss 6.2403e+00 (6.4594e+00)	Acc@1   0.00 (  1.00)	Acc@5   3.12 (  3.84)
Epoch: [0][  970/10010]	Time  0.164 ( 0.171)	Data  0.000 ( 0.017)	Loss 5.9992e+00 (6.4559e+00)	Acc@1   1.56 (  1.00)	Acc@5   7.81 (  3.87)
Epoch: [0][  980/10010]	Time  0.169 ( 0.171)	Data  0.000 ( 0.017)	Loss 6.3001e+00 (6.4528e+00)	Acc@1   0.00 (  1.00)	Acc@5   4.69 (  3.88)
Epoch: [0][  990/10010]	Time  0.166 ( 0.171)	Data  0.000 ( 0.017)	Loss 6.1866e+00 (6.4495e+00)	Acc@1   3.12 (  1.01)	Acc@5   6.25 (  3.90)
Epoch: [0][ 1000/10010]	Time  0.164 ( 0.171)	Data  0.000 ( 0.017)	Loss 5.9880e+00 (6.4455e+00)	Acc@1   4.69 (  1.02)	Acc@5   6.25 (  3.93)
Epoch: [0][ 1010/10010]	Time  0.163 ( 0.171)	Data  0.000 ( 0.017)	Loss 6.1595e+00 (6.4423e+00)	Acc@1   1.56 (  1.03)	Acc@5   4.69 (  3.95)
Epoch: [0][ 1020/10010]	Time  0.160 ( 0.171)	Data  0.000 ( 0.017)	Loss 6.1763e+00 (6.4380e+00)	Acc@1   3.12 (  1.03)	Acc@5   7.81 (  3.97)
Epoch: [0][ 1030/10010]	Time  0.168 ( 0.171)	Data  0.000 ( 0.017)	Loss 6.2064e+00 (6.4339e+00)	Acc@1   1.56 (  1.04)	Acc@5   4.69 (  3.99)
Epoch: [0][ 1040/10010]	Time  0.163 ( 0.171)	Data  0.000 ( 0.017)	Loss 6.0656e+00 (6.4294e+00)	Acc@1   1.56 (  1.06)	Acc@5   4.69 (  4.04)
Epoch: [0][ 1050/10010]	Time  0.164 ( 0.171)	Data  0.000 ( 0.016)	Loss 6.1704e+00 (6.4249e+00)	Acc@1   1.56 (  1.07)	Acc@5   4.69 (  4.07)
Epoch: [0][ 1060/10010]	Time  0.164 ( 0.170)	Data  0.000 ( 0.016)	Loss 6.1159e+00 (6.4214e+00)	Acc@1   0.00 (  1.08)	Acc@5   9.38 (  4.12)
Epoch: [0][ 1070/10010]	Time  0.166 ( 0.170)	Data  0.000 ( 0.016)	Loss 6.1190e+00 (6.4174e+00)	Acc@1   1.56 (  1.09)	Acc@5   6.25 (  4.15)
Epoch: [0][ 1080/10010]	Time  0.161 ( 0.170)	Data  0.000 ( 0.016)	Loss 5.9110e+00 (6.4134e+00)	Acc@1   1.56 (  1.10)	Acc@5   7.81 (  4.17)
Epoch: [0][ 1090/10010]	Time  0.163 ( 0.170)	Data  0.000 ( 0.016)	Loss 6.1695e+00 (6.4102e+00)	Acc@1   0.00 (  1.10)	Acc@5   3.12 (  4.19)
Epoch: [0][ 1100/10010]	Time  0.163 ( 0.170)	Data  0.000 ( 0.016)	Loss 5.9694e+00 (6.4059e+00)	Acc@1   0.00 (  1.12)	Acc@5   3.12 (  4.23)
Epoch: [0][ 1110/10010]	Time  0.163 ( 0.170)	Data  0.000 ( 0.016)	Loss 6.2197e+00 (6.4016e+00)	Acc@1   3.12 (  1.14)	Acc@5   7.81 (  4.27)
Epoch: [0][ 1120/10010]	Time  0.165 ( 0.170)	Data  0.000 ( 0.016)	Loss 5.7974e+00 (6.3965e+00)	Acc@1   1.56 (  1.16)	Acc@5  12.50 (  4.31)
Epoch: [0][ 1130/10010]	Time  0.165 ( 0.170)	Data  0.000 ( 0.016)	Loss 6.1387e+00 (6.3930e+00)	Acc@1   3.12 (  1.17)	Acc@5   3.12 (  4.34)
Epoch: [0][ 1140/10010]	Time  0.165 ( 0.170)	Data  0.000 ( 0.016)	Loss 5.8163e+00 (6.3891e+00)	Acc@1   3.12 (  1.19)	Acc@5  14.06 (  4.38)
Epoch: [0][ 1150/10010]	Time  0.163 ( 0.170)	Data  0.000 ( 0.016)	Loss 5.8727e+00 (6.3858e+00)	Acc@1   3.12 (  1.20)	Acc@5  17.19 (  4.41)
Epoch: [0][ 1160/10010]	Time  0.164 ( 0.170)	Data  0.000 ( 0.016)	Loss 5.9149e+00 (6.3820e+00)	Acc@1   1.56 (  1.20)	Acc@5  10.94 (  4.45)
Epoch: [0][ 1170/10010]	Time  0.162 ( 0.170)	Data  0.000 ( 0.016)	Loss 5.9549e+00 (6.3786e+00)	Acc@1   0.00 (  1.20)	Acc@5   4.69 (  4.48)
Epoch: [0][  590/10010]	Time  0.160 ( 0.176)	Data  0.000 ( 0.023)	Loss 6.1631e+00 (6.6448e+00)	Acc@1   1.56 (  0.64)	Acc@5   1.56 (  2.55)
Epoch: [0][  600/10010]	Time  0.163 ( 0.176)	Data  0.000 ( 0.023)	Loss 6.1134e+00 (6.6390e+00)	Acc@1   1.56 (  0.63)	Acc@5   4.69 (  2.55)
Epoch: [0][  610/10010]	Time  0.162 ( 0.176)	Data  0.000 ( 0.022)	Loss 6.3660e+00 (6.6334e+00)	Acc@1   1.56 (  0.64)	Acc@5   7.81 (  2.59)
Epoch: [0][  620/10010]	Time  0.167 ( 0.176)	Data  0.000 ( 0.022)	Loss 6.2576e+00 (6.6282e+00)	Acc@1   0.00 (  0.65)	Acc@5   6.25 (  2.61)
Epoch: [0][  630/10010]	Time  0.162 ( 0.175)	Data  0.000 ( 0.022)	Loss 6.4710e+00 (6.6233e+00)	Acc@1   1.56 (  0.66)	Acc@5   4.69 (  2.63)
Epoch: [0][  640/10010]	Time  0.161 ( 0.175)	Data  0.000 ( 0.022)	Loss 6.3782e+00 (6.6175e+00)	Acc@1   1.56 (  0.67)	Acc@5   4.69 (  2.66)
Epoch: [0][  650/10010]	Time  0.162 ( 0.175)	Data  0.000 ( 0.022)	Loss 6.1865e+00 (6.6118e+00)	Acc@1   1.56 (  0.67)	Acc@5   7.81 (  2.70)
Epoch: [0][  660/10010]	Time  0.162 ( 0.175)	Data  0.000 ( 0.021)	Loss 6.0942e+00 (6.6057e+00)	Acc@1   1.56 (  0.67)	Acc@5   7.81 (  2.72)
Epoch: [0][  670/10010]	Time  0.163 ( 0.175)	Data  0.000 ( 0.021)	Loss 6.3396e+00 (6.6011e+00)	Acc@1   4.69 (  0.68)	Acc@5   6.25 (  2.75)
Epoch: [0][  680/10010]	Time  0.163 ( 0.174)	Data  0.000 ( 0.021)	Loss 6.4434e+00 (6.5959e+00)	Acc@1   0.00 (  0.70)	Acc@5   0.00 (  2.77)
Epoch: [0][  690/10010]	Time  0.163 ( 0.174)	Data  0.000 ( 0.021)	Loss 6.2825e+00 (6.5911e+00)	Acc@1   0.00 (  0.71)	Acc@5   3.12 (  2.82)
Epoch: [0][  700/10010]	Time  0.162 ( 0.174)	Data  0.000 ( 0.020)	Loss 6.2662e+00 (6.5859e+00)	Acc@1   1.56 (  0.71)	Acc@5   3.12 (  2.86)
Epoch: [0][  710/10010]	Time  0.162 ( 0.174)	Data  0.000 ( 0.020)	Loss 6.4740e+00 (6.5819e+00)	Acc@1   1.56 (  0.73)	Acc@5   3.12 (  2.89)
Epoch: [0][  720/10010]	Time  0.162 ( 0.174)	Data  0.000 ( 0.020)	Loss 6.0072e+00 (6.5762e+00)	Acc@1   0.00 (  0.73)	Acc@5   7.81 (  2.93)
Epoch: [0][  730/10010]	Time  0.163 ( 0.174)	Data  0.000 ( 0.020)	Loss 6.1657e+00 (6.5704e+00)	Acc@1   3.12 (  0.75)	Acc@5   9.38 (  2.97)
Epoch: [0][  740/10010]	Time  0.161 ( 0.173)	Data  0.000 ( 0.020)	Loss 6.3208e+00 (6.5653e+00)	Acc@1   1.56 (  0.76)	Acc@5   6.25 (  3.01)
Epoch: [0][  750/10010]	Time  0.167 ( 0.173)	Data  0.000 ( 0.020)	Loss 6.2503e+00 (6.5611e+00)	Acc@1   1.56 (  0.78)	Acc@5   3.12 (  3.04)
Epoch: [0][  760/10010]	Time  0.160 ( 0.173)	Data  0.000 ( 0.019)	Loss 6.4203e+00 (6.5575e+00)	Acc@1   1.56 (  0.78)	Acc@5   7.81 (  3.07)
Epoch: [0][  770/10010]	Time  0.161 ( 0.173)	Data  0.000 ( 0.019)	Loss 6.0339e+00 (6.5518e+00)	Acc@1   0.00 (  0.79)	Acc@5   4.69 (  3.10)
Epoch: [0][  780/10010]	Time  0.166 ( 0.173)	Data  0.000 ( 0.019)	Loss 6.2066e+00 (6.5471e+00)	Acc@1   1.56 (  0.81)	Acc@5   4.69 (  3.13)
Epoch: [0][  790/10010]	Time  0.166 ( 0.173)	Data  0.000 ( 0.019)	Loss 6.2391e+00 (6.5425e+00)	Acc@1   0.00 (  0.82)	Acc@5   4.69 (  3.15)
Epoch: [0][  800/10010]	Time  0.164 ( 0.173)	Data  0.000 ( 0.019)	Loss 6.1720e+00 (6.5374e+00)	Acc@1   3.12 (  0.83)	Acc@5   6.25 (  3.18)
Epoch: [0][  810/10010]	Time  0.164 ( 0.173)	Data  0.000 ( 0.019)	Loss 6.3352e+00 (6.5323e+00)	Acc@1   1.56 (  0.85)	Acc@5   3.12 (  3.21)
Epoch: [0][  820/10010]	Time  0.163 ( 0.172)	Data  0.000 ( 0.019)	Loss 6.1429e+00 (6.5278e+00)	Acc@1   3.12 (  0.86)	Acc@5   6.25 (  3.24)
Epoch: [0][  830/10010]	Time  0.169 ( 0.172)	Data  0.000 ( 0.018)	Loss 6.3204e+00 (6.5231e+00)	Acc@1   0.00 (  0.88)	Acc@5   6.25 (  3.29)
Epoch: [0][  840/10010]	Time  0.163 ( 0.172)	Data  0.000 ( 0.018)	Loss 6.3535e+00 (6.5186e+00)	Acc@1   0.00 (  0.88)	Acc@5   1.56 (  3.31)
Epoch: [0][  850/10010]	Time  0.164 ( 0.172)	Data  0.000 ( 0.018)	Loss 5.9008e+00 (6.5144e+00)	Acc@1   3.12 (  0.88)	Acc@5   6.25 (  3.33)
Epoch: [0][  860/10010]	Time  0.164 ( 0.172)	Data  0.000 ( 0.018)	Loss 6.2852e+00 (6.5105e+00)	Acc@1   0.00 (  0.88)	Acc@5   3.12 (  3.36)
Epoch: [0][  870/10010]	Time  0.164 ( 0.172)	Data  0.000 ( 0.018)	Loss 6.1776e+00 (6.5067e+00)	Acc@1   1.56 (  0.89)	Acc@5   6.25 (  3.39)
Epoch: [0][  880/10010]	Time  0.163 ( 0.172)	Data  0.000 ( 0.018)	Loss 6.0620e+00 (6.5027e+00)	Acc@1   1.56 (  0.90)	Acc@5   6.25 (  3.41)
Epoch: [0][  890/10010]	Time  0.163 ( 0.172)	Data  0.000 ( 0.018)	Loss 6.3351e+00 (6.4982e+00)	Acc@1   0.00 (  0.91)	Acc@5   3.12 (  3.44)
Epoch: [0][  900/10010]	Time  0.164 ( 0.172)	Data  0.000 ( 0.018)	Loss 6.2547e+00 (6.4939e+00)	Acc@1   0.00 (  0.93)	Acc@5   4.69 (  3.48)
Epoch: [0][  910/10010]	Time  0.164 ( 0.172)	Data  0.000 ( 0.017)	Loss 6.1663e+00 (6.4900e+00)	Acc@1   1.56 (  0.93)	Acc@5   7.81 (  3.50)
Epoch: [0][  920/10010]	Time  0.164 ( 0.171)	Data  0.000 ( 0.017)	Loss 6.0740e+00 (6.4858e+00)	Acc@1   1.56 (  0.94)	Acc@5   9.38 (  3.53)
Epoch: [0][  930/10010]	Time  0.163 ( 0.171)	Data  0.000 ( 0.017)	Loss 6.1216e+00 (6.4808e+00)	Acc@1   3.12 (  0.94)	Acc@5   6.25 (  3.56)
Epoch: [0][  940/10010]	Time  0.163 ( 0.171)	Data  0.000 ( 0.017)	Loss 6.3096e+00 (6.4773e+00)	Acc@1   0.00 (  0.95)	Acc@5   1.56 (  3.58)
Epoch: [0][  950/10010]	Time  0.167 ( 0.171)	Data  0.000 ( 0.017)	Loss 5.9890e+00 (6.4728e+00)	Acc@1   1.56 (  0.96)	Acc@5  10.94 (  3.63)
Epoch: [0][  960/10010]	Time  0.166 ( 0.171)	Data  0.000 ( 0.017)	Loss 6.0665e+00 (6.4699e+00)	Acc@1   4.69 (  0.97)	Acc@5   7.81 (  3.65)
Epoch: [0][  970/10010]	Time  0.165 ( 0.171)	Data  0.000 ( 0.017)	Loss 6.1046e+00 (6.4653e+00)	Acc@1   0.00 (  0.98)	Acc@5   1.56 (  3.68)
Epoch: [0][  980/10010]	Time  0.165 ( 0.171)	Data  0.000 ( 0.017)	Loss 6.2539e+00 (6.4613e+00)	Acc@1   3.12 (  0.98)	Acc@5   4.69 (  3.70)
Epoch: [0][  990/10010]	Time  0.170 ( 0.171)	Data  0.000 ( 0.017)	Loss 6.0342e+00 (6.4571e+00)	Acc@1   1.56 (  0.99)	Acc@5   9.38 (  3.73)
Epoch: [0][ 1000/10010]	Time  0.163 ( 0.171)	Data  0.000 ( 0.017)	Loss 5.9812e+00 (6.4534e+00)	Acc@1   1.56 (  1.01)	Acc@5   9.38 (  3.77)
Epoch: [0][ 1010/10010]	Time  0.169 ( 0.171)	Data  0.000 ( 0.016)	Loss 6.1373e+00 (6.4495e+00)	Acc@1   0.00 (  1.01)	Acc@5   1.56 (  3.79)
Epoch: [0][ 1020/10010]	Time  0.163 ( 0.171)	Data  0.000 ( 0.016)	Loss 6.1987e+00 (6.4464e+00)	Acc@1   1.56 (  1.02)	Acc@5   7.81 (  3.82)
Epoch: [0][ 1030/10010]	Time  0.162 ( 0.171)	Data  0.000 ( 0.016)	Loss 5.9903e+00 (6.4418e+00)	Acc@1   0.00 (  1.03)	Acc@5  10.94 (  3.86)
Epoch: [0][ 1040/10010]	Time  0.164 ( 0.171)	Data  0.000 ( 0.016)	Loss 6.1882e+00 (6.4380e+00)	Acc@1   3.12 (  1.04)	Acc@5   4.69 (  3.90)
Epoch: [0][ 1050/10010]	Time  0.164 ( 0.171)	Data  0.000 ( 0.016)	Loss 5.8378e+00 (6.4336e+00)	Acc@1   0.00 (  1.05)	Acc@5   7.81 (  3.93)
Epoch: [0][ 1060/10010]	Time  0.166 ( 0.170)	Data  0.000 ( 0.016)	Loss 5.9825e+00 (6.4290e+00)	Acc@1   3.12 (  1.06)	Acc@5   6.25 (  3.97)
Epoch: [0][ 1070/10010]	Time  0.166 ( 0.170)	Data  0.000 ( 0.016)	Loss 6.4383e+00 (6.4243e+00)	Acc@1   0.00 (  1.08)	Acc@5   1.56 (  4.01)
Epoch: [0][ 1080/10010]	Time  0.162 ( 0.170)	Data  0.000 ( 0.016)	Loss 6.1204e+00 (6.4207e+00)	Acc@1   0.00 (  1.08)	Acc@5   3.12 (  4.04)
Epoch: [0][ 1090/10010]	Time  0.164 ( 0.170)	Data  0.000 ( 0.016)	Loss 5.8983e+00 (6.4164e+00)	Acc@1   3.12 (  1.10)	Acc@5   9.38 (  4.08)
Epoch: [0][ 1100/10010]	Time  0.164 ( 0.170)	Data  0.000 ( 0.016)	Loss 5.8163e+00 (6.4124e+00)	Acc@1   3.12 (  1.11)	Acc@5   6.25 (  4.11)
Epoch: [0][ 1110/10010]	Time  0.163 ( 0.170)	Data  0.000 ( 0.016)	Loss 5.9151e+00 (6.4081e+00)	Acc@1   3.12 (  1.12)	Acc@5  10.94 (  4.14)
Epoch: [0][ 1120/10010]	Time  0.165 ( 0.170)	Data  0.000 ( 0.016)	Loss 5.7236e+00 (6.4039e+00)	Acc@1   6.25 (  1.14)	Acc@5  10.94 (  4.19)
Epoch: [0][ 1130/10010]	Time  0.165 ( 0.170)	Data  0.000 ( 0.016)	Loss 6.1300e+00 (6.4006e+00)	Acc@1   3.12 (  1.15)	Acc@5   6.25 (  4.21)
Epoch: [0][ 1140/10010]	Time  0.166 ( 0.170)	Data  0.000 ( 0.015)	Loss 5.7700e+00 (6.3966e+00)	Acc@1   3.12 (  1.15)	Acc@5  17.19 (  4.25)
Epoch: [0][ 1150/10010]	Time  0.166 ( 0.170)	Data  0.000 ( 0.015)	Loss 5.9999e+00 (6.3941e+00)	Acc@1   0.00 (  1.16)	Acc@5   6.25 (  4.28)
Epoch: [0][ 1160/10010]	Time  0.163 ( 0.170)	Data  0.000 ( 0.015)	Loss 5.7477e+00 (6.3900e+00)	Acc@1   6.25 (  1.17)	Acc@5  15.62 (  4.31)
Epoch: [0][ 1170/10010]	Time  0.161 ( 0.170)	Data  0.000 ( 0.015)	Loss 6.2609e+00 (6.3871e+00)	Acc@1   1.56 (  1.18)	Acc@5   1.56 (  4.32)/opt/conda/lib/python3.6/multiprocessing/semaphore_tracker.py:143: UserWarning: semaphore_tracker: There appear to be 4 leaked semaphores to clean up at shutdown
  len(cache))
/opt/conda/lib/python3.6/multiprocessing/semaphore_tracker.py:143: UserWarning: semaphore_tracker: There appear to be 26 leaked semaphores to clean up at shutdown
  len(cache))
/opt/conda/lib/python3.6/multiprocessing/semaphore_tracker.py:143: UserWarning: semaphore_tracker: There appear to be 26 leaked semaphores to clean up at shutdown
  len(cache))
